
=== TERMS OF SERVICE AND LICENSING AGREEMENTS ===

This installation requires acceptance of the following terms:

1. CONDA TERMS OF SERVICE
   - Required for creating conda environment
   - By accepting, you agree to Anaconda's Terms of Service
   - See: https://legal.anaconda.com/policies/en/

2. NVIDIA ISAAC SIM EULA
   - Required for OmniGibson installation
   - By accepting, you agree to NVIDIA Isaac Sim End User License Agreement
   - See: https://www.nvidia.com/en-us/agreements/enterprise-software/nvidia-software-license-agreement

Do you accept ALL of the above terms? (y/N)

✓ All terms accepted. Proceeding with installation...

Creating conda environment 'behavior'...
✓ Conda TOS auto-acceptance enabled
Installing numpy and setuptools...
Looking in indexes: https://mirrors.aliyun.com/pypi/simple/
Requirement already satisfied: numpy<2 in /home/wxy/miniconda3/envs/behavior/lib/python3.10/site-packages (1.26.4)
Requirement already satisfied: setuptools<=79 in /home/wxy/miniconda3/envs/behavior/lib/python3.10/site-packages (79.0.0)
Installing PyTorch with CUDA 12.4 support...
Looking in indexes: https://download.pytorch.org/whl/cu124
Requirement already satisfied: torch==2.6.0 in /home/wxy/miniconda3/envs/behavior/lib/python3.10/site-packages (2.6.0+cu124)
Requirement already satisfied: torchvision==0.21.0 in /home/wxy/miniconda3/envs/behavior/lib/python3.10/site-packages (0.21.0+cu124)
Requirement already satisfied: torchaudio==2.6.0 in /home/wxy/miniconda3/envs/behavior/lib/python3.10/site-packages (2.6.0+cu124)
Requirement already satisfied: filelock in /home/wxy/miniconda3/envs/behavior/lib/python3.10/site-packages (from torch==2.6.0) (3.19.1)
Requirement already satisfied: typing-extensions>=4.10.0 in /home/wxy/miniconda3/envs/behavior/lib/python3.10/site-packages (from torch==2.6.0) (4.15.0)
Requirement already satisfied: networkx in /home/wxy/miniconda3/envs/behavior/lib/python3.10/site-packages (from torch==2.6.0) (3.3)
Requirement already satisfied: jinja2 in /home/wxy/miniconda3/envs/behavior/lib/python3.10/site-packages (from torch==2.6.0) (3.1.6)
Requirement already satisfied: fsspec in /home/wxy/miniconda3/envs/behavior/lib/python3.10/site-packages (from torch==2.6.0) (2025.9.0)
Requirement already satisfied: nvidia-cuda-nvrtc-cu12==12.4.127 in /home/wxy/miniconda3/envs/behavior/lib/python3.10/site-packages (from torch==2.6.0) (12.4.127)
Requirement already satisfied: nvidia-cuda-runtime-cu12==12.4.127 in /home/wxy/miniconda3/envs/behavior/lib/python3.10/site-packages (from torch==2.6.0) (12.4.127)
Requirement already satisfied: nvidia-cuda-cupti-cu12==12.4.127 in /home/wxy/miniconda3/envs/behavior/lib/python3.10/site-packages (from torch==2.6.0) (12.4.127)
Requirement already satisfied: nvidia-cudnn-cu12==9.1.0.70 in /home/wxy/miniconda3/envs/behavior/lib/python3.10/site-packages (from torch==2.6.0) (9.1.0.70)
Requirement already satisfied: nvidia-cublas-cu12==12.4.5.8 in /home/wxy/miniconda3/envs/behavior/lib/python3.10/site-packages (from torch==2.6.0) (12.4.5.8)
Requirement already satisfied: nvidia-cufft-cu12==11.2.1.3 in /home/wxy/miniconda3/envs/behavior/lib/python3.10/site-packages (from torch==2.6.0) (11.2.1.3)
Requirement already satisfied: nvidia-curand-cu12==10.3.5.147 in /home/wxy/miniconda3/envs/behavior/lib/python3.10/site-packages (from torch==2.6.0) (10.3.5.147)
Requirement already satisfied: nvidia-cusolver-cu12==11.6.1.9 in /home/wxy/miniconda3/envs/behavior/lib/python3.10/site-packages (from torch==2.6.0) (11.6.1.9)
Requirement already satisfied: nvidia-cusparse-cu12==12.3.1.170 in /home/wxy/miniconda3/envs/behavior/lib/python3.10/site-packages (from torch==2.6.0) (12.3.1.170)
Requirement already satisfied: nvidia-cusparselt-cu12==0.6.2 in /home/wxy/miniconda3/envs/behavior/lib/python3.10/site-packages (from torch==2.6.0) (0.6.2)
Requirement already satisfied: nvidia-nccl-cu12==2.21.5 in /home/wxy/miniconda3/envs/behavior/lib/python3.10/site-packages (from torch==2.6.0) (2.21.5)
Requirement already satisfied: nvidia-nvtx-cu12==12.4.127 in /home/wxy/miniconda3/envs/behavior/lib/python3.10/site-packages (from torch==2.6.0) (12.4.127)
Requirement already satisfied: nvidia-nvjitlink-cu12==12.4.127 in /home/wxy/miniconda3/envs/behavior/lib/python3.10/site-packages (from torch==2.6.0) (12.4.127)
Requirement already satisfied: triton==3.2.0 in /home/wxy/miniconda3/envs/behavior/lib/python3.10/site-packages (from torch==2.6.0) (3.2.0)
Requirement already satisfied: sympy==1.13.1 in /home/wxy/miniconda3/envs/behavior/lib/python3.10/site-packages (from torch==2.6.0) (1.13.1)
Requirement already satisfied: numpy in /home/wxy/miniconda3/envs/behavior/lib/python3.10/site-packages (from torchvision==0.21.0) (1.26.4)
Requirement already satisfied: pillow!=8.3.*,>=5.3.0 in /home/wxy/miniconda3/envs/behavior/lib/python3.10/site-packages (from torchvision==0.21.0) (11.0.0)
Requirement already satisfied: mpmath<1.4,>=1.1.0 in /home/wxy/miniconda3/envs/behavior/lib/python3.10/site-packages (from sympy==1.13.1->torch==2.6.0) (1.3.0)
Requirement already satisfied: MarkupSafe>=2.0 in /home/wxy/miniconda3/envs/behavior/lib/python3.10/site-packages (from jinja2->torch==2.6.0) (2.1.5)
✓ PyTorch installation completed
Installing BDDL...
Looking in indexes: https://mirrors.aliyun.com/pypi/simple/
Obtaining file:///home/wxy/BEHAVIOR-1K/bddl
  Installing build dependencies: started
  Installing build dependencies: finished with status 'done'
  Checking if build backend supports build_editable: started
  Checking if build backend supports build_editable: finished with status 'done'
  Getting requirements to build editable: started
  Getting requirements to build editable: finished with status 'done'
  Preparing editable metadata (pyproject.toml): started
  Preparing editable metadata (pyproject.toml): finished with status 'done'
Requirement already satisfied: pytest in /home/wxy/miniconda3/envs/behavior/lib/python3.10/site-packages (from bddl==3.7.0) (9.0.1)
Requirement already satisfied: numpy in /home/wxy/miniconda3/envs/behavior/lib/python3.10/site-packages (from bddl==3.7.0) (1.26.4)
Requirement already satisfied: networkx in /home/wxy/miniconda3/envs/behavior/lib/python3.10/site-packages (from bddl==3.7.0) (3.3)
Requirement already satisfied: jupytext in /home/wxy/miniconda3/envs/behavior/lib/python3.10/site-packages (from bddl==3.7.0) (1.18.1)
Requirement already satisfied: future in /home/wxy/miniconda3/envs/behavior/lib/python3.10/site-packages (from bddl==3.7.0) (1.0.0)
Requirement already satisfied: nltk~=3.7 in /home/wxy/miniconda3/envs/behavior/lib/python3.10/site-packages (from bddl==3.7.0) (3.9.2)
Requirement already satisfied: click in /home/wxy/miniconda3/envs/behavior/lib/python3.10/site-packages (from nltk~=3.7->bddl==3.7.0) (8.3.1)
Requirement already satisfied: joblib in /home/wxy/miniconda3/envs/behavior/lib/python3.10/site-packages (from nltk~=3.7->bddl==3.7.0) (1.5.2)
Requirement already satisfied: regex>=2021.8.3 in /home/wxy/miniconda3/envs/behavior/lib/python3.10/site-packages (from nltk~=3.7->bddl==3.7.0) (2025.11.3)
Requirement already satisfied: tqdm in /home/wxy/miniconda3/envs/behavior/lib/python3.10/site-packages (from nltk~=3.7->bddl==3.7.0) (4.67.1)
Requirement already satisfied: markdown-it-py>=1.0 in /home/wxy/miniconda3/envs/behavior/lib/python3.10/site-packages (from jupytext->bddl==3.7.0) (4.0.0)
Requirement already satisfied: mdit-py-plugins in /home/wxy/miniconda3/envs/behavior/lib/python3.10/site-packages (from jupytext->bddl==3.7.0) (0.5.0)
Requirement already satisfied: nbformat in /home/wxy/miniconda3/envs/behavior/lib/python3.10/site-packages (from jupytext->bddl==3.7.0) (5.10.4)
Requirement already satisfied: packaging in /home/wxy/miniconda3/envs/behavior/lib/python3.10/site-packages (from jupytext->bddl==3.7.0) (25.0)
Requirement already satisfied: pyyaml in /home/wxy/miniconda3/envs/behavior/lib/python3.10/site-packages (from jupytext->bddl==3.7.0) (6.0.3)
Requirement already satisfied: tomli in /home/wxy/miniconda3/envs/behavior/lib/python3.10/site-packages (from jupytext->bddl==3.7.0) (2.3.0)
Requirement already satisfied: mdurl~=0.1 in /home/wxy/miniconda3/envs/behavior/lib/python3.10/site-packages (from markdown-it-py>=1.0->jupytext->bddl==3.7.0) (0.1.2)
Requirement already satisfied: fastjsonschema>=2.15 in /home/wxy/miniconda3/envs/behavior/lib/python3.10/site-packages (from nbformat->jupytext->bddl==3.7.0) (2.21.2)
Requirement already satisfied: jsonschema>=2.6 in /home/wxy/miniconda3/envs/behavior/lib/python3.10/site-packages (from nbformat->jupytext->bddl==3.7.0) (4.25.1)
Requirement already satisfied: jupyter-core!=5.0.*,>=4.12 in /home/wxy/miniconda3/envs/behavior/lib/python3.10/site-packages (from nbformat->jupytext->bddl==3.7.0) (5.9.1)
Requirement already satisfied: traitlets>=5.1 in /home/wxy/miniconda3/envs/behavior/lib/python3.10/site-packages (from nbformat->jupytext->bddl==3.7.0) (5.14.3)
Requirement already satisfied: attrs>=22.2.0 in /home/wxy/miniconda3/envs/behavior/lib/python3.10/site-packages (from jsonschema>=2.6->nbformat->jupytext->bddl==3.7.0) (25.4.0)
Requirement already satisfied: jsonschema-specifications>=2023.03.6 in /home/wxy/miniconda3/envs/behavior/lib/python3.10/site-packages (from jsonschema>=2.6->nbformat->jupytext->bddl==3.7.0) (2025.9.1)
Requirement already satisfied: referencing>=0.28.4 in /home/wxy/miniconda3/envs/behavior/lib/python3.10/site-packages (from jsonschema>=2.6->nbformat->jupytext->bddl==3.7.0) (0.37.0)
Requirement already satisfied: rpds-py>=0.7.1 in /home/wxy/miniconda3/envs/behavior/lib/python3.10/site-packages (from jsonschema>=2.6->nbformat->jupytext->bddl==3.7.0) (0.29.0)
Requirement already satisfied: platformdirs>=2.5 in /home/wxy/miniconda3/envs/behavior/lib/python3.10/site-packages (from jupyter-core!=5.0.*,>=4.12->nbformat->jupytext->bddl==3.7.0) (4.5.0)
Requirement already satisfied: typing-extensions>=4.4.0 in /home/wxy/miniconda3/envs/behavior/lib/python3.10/site-packages (from referencing>=0.28.4->jsonschema>=2.6->nbformat->jupytext->bddl==3.7.0) (4.15.0)
Requirement already satisfied: exceptiongroup>=1 in /home/wxy/miniconda3/envs/behavior/lib/python3.10/site-packages (from pytest->bddl==3.7.0) (1.3.1)
Requirement already satisfied: iniconfig>=1.0.1 in /home/wxy/miniconda3/envs/behavior/lib/python3.10/site-packages (from pytest->bddl==3.7.0) (2.3.0)
Requirement already satisfied: pluggy<2,>=1.5 in /home/wxy/miniconda3/envs/behavior/lib/python3.10/site-packages (from pytest->bddl==3.7.0) (1.6.0)
Requirement already satisfied: pygments>=2.7.2 in /home/wxy/miniconda3/envs/behavior/lib/python3.10/site-packages (from pytest->bddl==3.7.0) (2.19.2)
Building wheels for collected packages: bddl
  Building editable for bddl (pyproject.toml): started
  Building editable for bddl (pyproject.toml): finished with status 'done'
  Created wheel for bddl: filename=bddl-3.7.0-0.editable-py3-none-any.whl size=7408 sha256=c9519096d383f036c31fee20c196abb70599b35e82ff5dd2a48fa8dea4bf72c4
  Stored in directory: /tmp/pip-ephem-wheel-cache-40po6fzb/wheels/47/4d/ab/7b4d32fb26f24d34aea0f449ee9fb2531d23380e3d6b7b7085
Successfully built bddl
Installing collected packages: bddl
  Attempting uninstall: bddl
    Found existing installation: bddl 3.7.0
    Uninstalling bddl-3.7.0:
      Successfully uninstalled bddl-3.7.0
Successfully installed bddl-3.7.0
Installing OmniGibson...
Looking in indexes: https://mirrors.aliyun.com/pypi/simple/
Obtaining file:///home/wxy/BEHAVIOR-1K/OmniGibson
  Installing build dependencies: started
  Installing build dependencies: finished with status 'done'
  Checking if build backend supports build_editable: started
  Checking if build backend supports build_editable: finished with status 'done'
  Getting requirements to build editable: started
  Getting requirements to build editable: finished with status 'done'
  Preparing editable metadata (pyproject.toml): started
  Preparing editable metadata (pyproject.toml): finished with status 'done'
Requirement already satisfied: huggingface-hub>=0.34.4 in /home/wxy/miniconda3/envs/behavior/lib/python3.10/site-packages (from huggingface-hub[cli]>=0.34.4->omnigibson==3.7.1) (1.1.5)
Requirement already satisfied: gymnasium>=0.28.1 in /home/wxy/miniconda3/envs/behavior/lib/python3.10/site-packages (from omnigibson==3.7.1) (1.2.2)
Requirement already satisfied: numpy<2.0.0,>=1.23.5 in /home/wxy/miniconda3/envs/behavior/lib/python3.10/site-packages (from omnigibson==3.7.1) (1.26.4)
Requirement already satisfied: scipy>=1.10.1 in /home/wxy/miniconda3/envs/behavior/lib/python3.10/site-packages (from omnigibson==3.7.1) (1.15.3)
Requirement already satisfied: GitPython>=3.1.40 in /home/wxy/miniconda3/envs/behavior/lib/python3.10/site-packages (from omnigibson==3.7.1) (3.1.45)
Requirement already satisfied: transforms3d>=0.4.1 in /home/wxy/miniconda3/envs/behavior/lib/python3.10/site-packages (from omnigibson==3.7.1) (0.4.2)
Requirement already satisfied: networkx>=3.2.1 in /home/wxy/miniconda3/envs/behavior/lib/python3.10/site-packages (from omnigibson==3.7.1) (3.3)
Requirement already satisfied: PyYAML>=6.0.1 in /home/wxy/miniconda3/envs/behavior/lib/python3.10/site-packages (from omnigibson==3.7.1) (6.0.3)
Requirement already satisfied: addict>=2.4.0 in /home/wxy/miniconda3/envs/behavior/lib/python3.10/site-packages (from omnigibson==3.7.1) (2.4.0)
Requirement already satisfied: ipython>=8.20.0 in /home/wxy/miniconda3/envs/behavior/lib/python3.10/site-packages (from omnigibson==3.7.1) (8.37.0)
Requirement already satisfied: future>=0.18.3 in /home/wxy/miniconda3/envs/behavior/lib/python3.10/site-packages (from omnigibson==3.7.1) (1.0.0)
Requirement already satisfied: trimesh>=4.0.8 in /home/wxy/miniconda3/envs/behavior/lib/python3.10/site-packages (from omnigibson==3.7.1) (4.9.0)
Requirement already satisfied: h5py>=3.10.0 in /home/wxy/miniconda3/envs/behavior/lib/python3.10/site-packages (from omnigibson==3.7.1) (3.15.1)
Requirement already satisfied: cryptography>=41.0.7 in /home/wxy/miniconda3/envs/behavior/lib/python3.10/site-packages (from omnigibson==3.7.1) (46.0.0)
Requirement already satisfied: bddl~=3.7.0 in /home/wxy/miniconda3/envs/behavior/lib/python3.10/site-packages (from omnigibson==3.7.1) (3.7.0)
Requirement already satisfied: opencv-python>=4.8.1 in /home/wxy/miniconda3/envs/behavior/lib/python3.10/site-packages (from omnigibson==3.7.1) (4.11.0.86)
Requirement already satisfied: nest_asyncio>=1.5.6 in /home/wxy/miniconda3/envs/behavior/lib/python3.10/site-packages (from omnigibson==3.7.1) (1.6.0)
Requirement already satisfied: imageio>=2.33.1 in /home/wxy/miniconda3/envs/behavior/lib/python3.10/site-packages (from omnigibson==3.7.1) (2.37.2)
Requirement already satisfied: imageio-ffmpeg>=0.4.9 in /home/wxy/miniconda3/envs/behavior/lib/python3.10/site-packages (from omnigibson==3.7.1) (0.6.0)
Requirement already satisfied: termcolor>=2.4.0 in /home/wxy/miniconda3/envs/behavior/lib/python3.10/site-packages (from omnigibson==3.7.1) (3.2.0)
Requirement already satisfied: progressbar>=2.5 in /home/wxy/miniconda3/envs/behavior/lib/python3.10/site-packages (from omnigibson==3.7.1) (2.5)
Requirement already satisfied: pymeshlab~=2022.2 in /home/wxy/miniconda3/envs/behavior/lib/python3.10/site-packages (from omnigibson==3.7.1) (2022.2.post4)
Requirement already satisfied: click>=8.1.3 in /home/wxy/miniconda3/envs/behavior/lib/python3.10/site-packages (from omnigibson==3.7.1) (8.3.1)
Requirement already satisfied: aenum>=3.1.15 in /home/wxy/miniconda3/envs/behavior/lib/python3.10/site-packages (from omnigibson==3.7.1) (3.1.16)
Requirement already satisfied: rtree>=1.2.0 in /home/wxy/miniconda3/envs/behavior/lib/python3.10/site-packages (from omnigibson==3.7.1) (1.4.1)
Requirement already satisfied: graphviz>=0.20 in /home/wxy/miniconda3/envs/behavior/lib/python3.10/site-packages (from omnigibson==3.7.1) (0.21)
Requirement already satisfied: matplotlib>=3.0.0 in /home/wxy/miniconda3/envs/behavior/lib/python3.10/site-packages (from omnigibson==3.7.1) (3.10.7)
Requirement already satisfied: lxml>=5.2.2 in /home/wxy/miniconda3/envs/behavior/lib/python3.10/site-packages (from omnigibson==3.7.1) (6.0.2)
Requirement already satisfied: numba>=0.59.1 in /home/wxy/miniconda3/envs/behavior/lib/python3.10/site-packages (from omnigibson==3.7.1) (0.62.1)
Requirement already satisfied: cffi~=1.17.1 in /home/wxy/miniconda3/envs/behavior/lib/python3.10/site-packages (from omnigibson==3.7.1) (1.17.1)
Requirement already satisfied: pillow~=11.0.0 in /home/wxy/miniconda3/envs/behavior/lib/python3.10/site-packages (from omnigibson==3.7.1) (11.0.0)
Requirement already satisfied: ninja~=1.13.0 in /home/wxy/miniconda3/envs/behavior/lib/python3.10/site-packages (from omnigibson==3.7.1) (1.13.0)
Collecting ompl@ https://storage.googleapis.com/gibson_scenes/ompl-1.6.0-cp310-cp310-manylinux_2_28_x86_64.whl (from omnigibson==3.7.1)
  Using cached https://storage.googleapis.com/gibson_scenes/ompl-1.6.0-cp310-cp310-manylinux_2_28_x86_64.whl (26.8 MB)
Requirement already satisfied: dm_tree>=0.1.9 in /home/wxy/miniconda3/envs/behavior/lib/python3.10/site-packages (from omnigibson==3.7.1) (0.1.9)
Requirement already satisfied: hydra-core>=1.3.2 in /home/wxy/miniconda3/envs/behavior/lib/python3.10/site-packages (from omnigibson==3.7.1) (1.3.2)
Requirement already satisfied: websockets>=15.0.1 in /home/wxy/miniconda3/envs/behavior/lib/python3.10/site-packages (from omnigibson==3.7.1) (15.0.1)
Requirement already satisfied: msgpack>=1.1.0 in /home/wxy/miniconda3/envs/behavior/lib/python3.10/site-packages (from omnigibson==3.7.1) (1.1.2)
Requirement already satisfied: gspread>=6.2.1 in /home/wxy/miniconda3/envs/behavior/lib/python3.10/site-packages (from omnigibson==3.7.1) (6.2.1)
Requirement already satisfied: open3d>=0.19.0 in /home/wxy/miniconda3/envs/behavior/lib/python3.10/site-packages (from omnigibson==3.7.1) (0.19.0)
Requirement already satisfied: pytest in /home/wxy/miniconda3/envs/behavior/lib/python3.10/site-packages (from bddl~=3.7.0->omnigibson==3.7.1) (9.0.1)
Requirement already satisfied: jupytext in /home/wxy/miniconda3/envs/behavior/lib/python3.10/site-packages (from bddl~=3.7.0->omnigibson==3.7.1) (1.18.1)
Requirement already satisfied: nltk~=3.7 in /home/wxy/miniconda3/envs/behavior/lib/python3.10/site-packages (from bddl~=3.7.0->omnigibson==3.7.1) (3.9.2)
Requirement already satisfied: pycparser in /home/wxy/miniconda3/envs/behavior/lib/python3.10/site-packages (from cffi~=1.17.1->omnigibson==3.7.1) (2.23)
Requirement already satisfied: joblib in /home/wxy/miniconda3/envs/behavior/lib/python3.10/site-packages (from nltk~=3.7->bddl~=3.7.0->omnigibson==3.7.1) (1.5.2)
Requirement already satisfied: regex>=2021.8.3 in /home/wxy/miniconda3/envs/behavior/lib/python3.10/site-packages (from nltk~=3.7->bddl~=3.7.0->omnigibson==3.7.1) (2025.11.3)
Requirement already satisfied: tqdm in /home/wxy/miniconda3/envs/behavior/lib/python3.10/site-packages (from nltk~=3.7->bddl~=3.7.0->omnigibson==3.7.1) (4.67.1)
Requirement already satisfied: typing-extensions>=4.13.2 in /home/wxy/miniconda3/envs/behavior/lib/python3.10/site-packages (from cryptography>=41.0.7->omnigibson==3.7.1) (4.15.0)
Requirement already satisfied: absl-py>=0.6.1 in /home/wxy/miniconda3/envs/behavior/lib/python3.10/site-packages (from dm_tree>=0.1.9->omnigibson==3.7.1) (2.3.1)
Requirement already satisfied: attrs>=18.2.0 in /home/wxy/miniconda3/envs/behavior/lib/python3.10/site-packages (from dm_tree>=0.1.9->omnigibson==3.7.1) (25.4.0)
Requirement already satisfied: wrapt>=1.11.2 in /home/wxy/miniconda3/envs/behavior/lib/python3.10/site-packages (from dm_tree>=0.1.9->omnigibson==3.7.1) (2.0.1)
Requirement already satisfied: gitdb<5,>=4.0.1 in /home/wxy/miniconda3/envs/behavior/lib/python3.10/site-packages (from GitPython>=3.1.40->omnigibson==3.7.1) (4.0.12)
Requirement already satisfied: smmap<6,>=3.0.1 in /home/wxy/miniconda3/envs/behavior/lib/python3.10/site-packages (from gitdb<5,>=4.0.1->GitPython>=3.1.40->omnigibson==3.7.1) (5.0.2)
Requirement already satisfied: google-auth>=1.12.0 in /home/wxy/miniconda3/envs/behavior/lib/python3.10/site-packages (from gspread>=6.2.1->omnigibson==3.7.1) (2.41.1)
Requirement already satisfied: google-auth-oauthlib>=0.4.1 in /home/wxy/miniconda3/envs/behavior/lib/python3.10/site-packages (from gspread>=6.2.1->omnigibson==3.7.1) (1.2.3)
Requirement already satisfied: cachetools<7.0,>=2.0.0 in /home/wxy/miniconda3/envs/behavior/lib/python3.10/site-packages (from google-auth>=1.12.0->gspread>=6.2.1->omnigibson==3.7.1) (6.2.2)
Requirement already satisfied: pyasn1-modules>=0.2.1 in /home/wxy/miniconda3/envs/behavior/lib/python3.10/site-packages (from google-auth>=1.12.0->gspread>=6.2.1->omnigibson==3.7.1) (0.4.2)
Requirement already satisfied: rsa<5,>=3.1.4 in /home/wxy/miniconda3/envs/behavior/lib/python3.10/site-packages (from google-auth>=1.12.0->gspread>=6.2.1->omnigibson==3.7.1) (4.9.1)
Requirement already satisfied: pyasn1>=0.1.3 in /home/wxy/miniconda3/envs/behavior/lib/python3.10/site-packages (from rsa<5,>=3.1.4->google-auth>=1.12.0->gspread>=6.2.1->omnigibson==3.7.1) (0.6.1)
Requirement already satisfied: requests-oauthlib>=0.7.0 in /home/wxy/miniconda3/envs/behavior/lib/python3.10/site-packages (from google-auth-oauthlib>=0.4.1->gspread>=6.2.1->omnigibson==3.7.1) (2.0.0)
Requirement already satisfied: cloudpickle>=1.2.0 in /home/wxy/miniconda3/envs/behavior/lib/python3.10/site-packages (from gymnasium>=0.28.1->omnigibson==3.7.1) (3.1.2)
Requirement already satisfied: farama-notifications>=0.0.1 in /home/wxy/miniconda3/envs/behavior/lib/python3.10/site-packages (from gymnasium>=0.28.1->omnigibson==3.7.1) (0.0.4)
Requirement already satisfied: filelock in /home/wxy/miniconda3/envs/behavior/lib/python3.10/site-packages (from huggingface-hub>=0.34.4->huggingface-hub[cli]>=0.34.4->omnigibson==3.7.1) (3.19.1)
Requirement already satisfied: fsspec>=2023.5.0 in /home/wxy/miniconda3/envs/behavior/lib/python3.10/site-packages (from huggingface-hub>=0.34.4->huggingface-hub[cli]>=0.34.4->omnigibson==3.7.1) (2025.9.0)
Requirement already satisfied: hf-xet<2.0.0,>=1.2.0 in /home/wxy/miniconda3/envs/behavior/lib/python3.10/site-packages (from huggingface-hub>=0.34.4->huggingface-hub[cli]>=0.34.4->omnigibson==3.7.1) (1.2.0)
Requirement already satisfied: httpx<1,>=0.23.0 in /home/wxy/miniconda3/envs/behavior/lib/python3.10/site-packages (from huggingface-hub>=0.34.4->huggingface-hub[cli]>=0.34.4->omnigibson==3.7.1) (0.28.1)
Requirement already satisfied: packaging>=20.9 in /home/wxy/miniconda3/envs/behavior/lib/python3.10/site-packages (from huggingface-hub>=0.34.4->huggingface-hub[cli]>=0.34.4->omnigibson==3.7.1) (25.0)
Requirement already satisfied: shellingham in /home/wxy/miniconda3/envs/behavior/lib/python3.10/site-packages (from huggingface-hub>=0.34.4->huggingface-hub[cli]>=0.34.4->omnigibson==3.7.1) (1.5.4)
Requirement already satisfied: typer-slim in /home/wxy/miniconda3/envs/behavior/lib/python3.10/site-packages (from huggingface-hub>=0.34.4->huggingface-hub[cli]>=0.34.4->omnigibson==3.7.1) (0.20.0)
Requirement already satisfied: anyio in /home/wxy/miniconda3/envs/behavior/lib/python3.10/site-packages (from httpx<1,>=0.23.0->huggingface-hub>=0.34.4->huggingface-hub[cli]>=0.34.4->omnigibson==3.7.1) (4.11.0)
Requirement already satisfied: certifi in /home/wxy/miniconda3/envs/behavior/lib/python3.10/site-packages (from httpx<1,>=0.23.0->huggingface-hub>=0.34.4->huggingface-hub[cli]>=0.34.4->omnigibson==3.7.1) (2025.11.12)
Requirement already satisfied: httpcore==1.* in /home/wxy/miniconda3/envs/behavior/lib/python3.10/site-packages (from httpx<1,>=0.23.0->huggingface-hub>=0.34.4->huggingface-hub[cli]>=0.34.4->omnigibson==3.7.1) (1.0.9)
Requirement already satisfied: idna in /home/wxy/miniconda3/envs/behavior/lib/python3.10/site-packages (from httpx<1,>=0.23.0->huggingface-hub>=0.34.4->huggingface-hub[cli]>=0.34.4->omnigibson==3.7.1) (3.11)
Requirement already satisfied: h11>=0.16 in /home/wxy/miniconda3/envs/behavior/lib/python3.10/site-packages (from httpcore==1.*->httpx<1,>=0.23.0->huggingface-hub>=0.34.4->huggingface-hub[cli]>=0.34.4->omnigibson==3.7.1) (0.16.0)
Requirement already satisfied: omegaconf<2.4,>=2.2 in /home/wxy/miniconda3/envs/behavior/lib/python3.10/site-packages (from hydra-core>=1.3.2->omnigibson==3.7.1) (2.3.0)
Requirement already satisfied: antlr4-python3-runtime==4.9.* in /home/wxy/miniconda3/envs/behavior/lib/python3.10/site-packages (from hydra-core>=1.3.2->omnigibson==3.7.1) (4.9.3)
Requirement already satisfied: decorator in /home/wxy/miniconda3/envs/behavior/lib/python3.10/site-packages (from ipython>=8.20.0->omnigibson==3.7.1) (5.2.1)
Requirement already satisfied: exceptiongroup in /home/wxy/miniconda3/envs/behavior/lib/python3.10/site-packages (from ipython>=8.20.0->omnigibson==3.7.1) (1.3.1)
Requirement already satisfied: jedi>=0.16 in /home/wxy/miniconda3/envs/behavior/lib/python3.10/site-packages (from ipython>=8.20.0->omnigibson==3.7.1) (0.19.2)
Requirement already satisfied: matplotlib-inline in /home/wxy/miniconda3/envs/behavior/lib/python3.10/site-packages (from ipython>=8.20.0->omnigibson==3.7.1) (0.2.1)
Requirement already satisfied: pexpect>4.3 in /home/wxy/miniconda3/envs/behavior/lib/python3.10/site-packages (from ipython>=8.20.0->omnigibson==3.7.1) (4.9.0)
Requirement already satisfied: prompt_toolkit<3.1.0,>=3.0.41 in /home/wxy/miniconda3/envs/behavior/lib/python3.10/site-packages (from ipython>=8.20.0->omnigibson==3.7.1) (3.0.52)
Requirement already satisfied: pygments>=2.4.0 in /home/wxy/miniconda3/envs/behavior/lib/python3.10/site-packages (from ipython>=8.20.0->omnigibson==3.7.1) (2.19.2)
Requirement already satisfied: stack_data in /home/wxy/miniconda3/envs/behavior/lib/python3.10/site-packages (from ipython>=8.20.0->omnigibson==3.7.1) (0.6.3)
Requirement already satisfied: traitlets>=5.13.0 in /home/wxy/miniconda3/envs/behavior/lib/python3.10/site-packages (from ipython>=8.20.0->omnigibson==3.7.1) (5.14.3)
Requirement already satisfied: wcwidth in /home/wxy/miniconda3/envs/behavior/lib/python3.10/site-packages (from prompt_toolkit<3.1.0,>=3.0.41->ipython>=8.20.0->omnigibson==3.7.1) (0.2.14)
Requirement already satisfied: parso<0.9.0,>=0.8.4 in /home/wxy/miniconda3/envs/behavior/lib/python3.10/site-packages (from jedi>=0.16->ipython>=8.20.0->omnigibson==3.7.1) (0.8.5)
Requirement already satisfied: contourpy>=1.0.1 in /home/wxy/miniconda3/envs/behavior/lib/python3.10/site-packages (from matplotlib>=3.0.0->omnigibson==3.7.1) (1.3.2)
Requirement already satisfied: cycler>=0.10 in /home/wxy/miniconda3/envs/behavior/lib/python3.10/site-packages (from matplotlib>=3.0.0->omnigibson==3.7.1) (0.12.1)
Requirement already satisfied: fonttools>=4.22.0 in /home/wxy/miniconda3/envs/behavior/lib/python3.10/site-packages (from matplotlib>=3.0.0->omnigibson==3.7.1) (4.60.1)
Requirement already satisfied: kiwisolver>=1.3.1 in /home/wxy/miniconda3/envs/behavior/lib/python3.10/site-packages (from matplotlib>=3.0.0->omnigibson==3.7.1) (1.4.9)
Requirement already satisfied: pyparsing>=3 in /home/wxy/miniconda3/envs/behavior/lib/python3.10/site-packages (from matplotlib>=3.0.0->omnigibson==3.7.1) (3.2.5)
Requirement already satisfied: python-dateutil>=2.7 in /home/wxy/miniconda3/envs/behavior/lib/python3.10/site-packages (from matplotlib>=3.0.0->omnigibson==3.7.1) (2.9.0.post0)
Requirement already satisfied: llvmlite<0.46,>=0.45.0dev0 in /home/wxy/miniconda3/envs/behavior/lib/python3.10/site-packages (from numba>=0.59.1->omnigibson==3.7.1) (0.45.1)
Requirement already satisfied: dash>=2.6.0 in /home/wxy/miniconda3/envs/behavior/lib/python3.10/site-packages (from open3d>=0.19.0->omnigibson==3.7.1) (3.3.0)
Requirement already satisfied: werkzeug>=3.0.0 in /home/wxy/miniconda3/envs/behavior/lib/python3.10/site-packages (from open3d>=0.19.0->omnigibson==3.7.1) (3.1.3)
Requirement already satisfied: flask>=3.0.0 in /home/wxy/miniconda3/envs/behavior/lib/python3.10/site-packages (from open3d>=0.19.0->omnigibson==3.7.1) (3.1.2)
Requirement already satisfied: nbformat>=5.7.0 in /home/wxy/miniconda3/envs/behavior/lib/python3.10/site-packages (from open3d>=0.19.0->omnigibson==3.7.1) (5.10.4)
Requirement already satisfied: configargparse in /home/wxy/miniconda3/envs/behavior/lib/python3.10/site-packages (from open3d>=0.19.0->omnigibson==3.7.1) (1.7.1)
Requirement already satisfied: ipywidgets>=8.0.4 in /home/wxy/miniconda3/envs/behavior/lib/python3.10/site-packages (from open3d>=0.19.0->omnigibson==3.7.1) (8.1.8)
Requirement already satisfied: pandas>=1.0 in /home/wxy/miniconda3/envs/behavior/lib/python3.10/site-packages (from open3d>=0.19.0->omnigibson==3.7.1) (2.3.3)
Requirement already satisfied: scikit-learn>=0.21 in /home/wxy/miniconda3/envs/behavior/lib/python3.10/site-packages (from open3d>=0.19.0->omnigibson==3.7.1) (1.7.2)
Requirement already satisfied: pyquaternion in /home/wxy/miniconda3/envs/behavior/lib/python3.10/site-packages (from open3d>=0.19.0->omnigibson==3.7.1) (0.9.9)
Requirement already satisfied: plotly>=5.0.0 in /home/wxy/miniconda3/envs/behavior/lib/python3.10/site-packages (from dash>=2.6.0->open3d>=0.19.0->omnigibson==3.7.1) (6.5.0)
Requirement already satisfied: importlib-metadata in /home/wxy/miniconda3/envs/behavior/lib/python3.10/site-packages (from dash>=2.6.0->open3d>=0.19.0->omnigibson==3.7.1) (8.7.0)
Requirement already satisfied: requests in /home/wxy/miniconda3/envs/behavior/lib/python3.10/site-packages (from dash>=2.6.0->open3d>=0.19.0->omnigibson==3.7.1) (2.32.5)
Requirement already satisfied: retrying in /home/wxy/miniconda3/envs/behavior/lib/python3.10/site-packages (from dash>=2.6.0->open3d>=0.19.0->omnigibson==3.7.1) (1.4.2)
Requirement already satisfied: setuptools in /home/wxy/miniconda3/envs/behavior/lib/python3.10/site-packages (from dash>=2.6.0->open3d>=0.19.0->omnigibson==3.7.1) (79.0.0)
Requirement already satisfied: blinker>=1.9.0 in /home/wxy/miniconda3/envs/behavior/lib/python3.10/site-packages (from flask>=3.0.0->open3d>=0.19.0->omnigibson==3.7.1) (1.9.0)
Requirement already satisfied: itsdangerous>=2.2.0 in /home/wxy/miniconda3/envs/behavior/lib/python3.10/site-packages (from flask>=3.0.0->open3d>=0.19.0->omnigibson==3.7.1) (2.2.0)
Requirement already satisfied: jinja2>=3.1.2 in /home/wxy/miniconda3/envs/behavior/lib/python3.10/site-packages (from flask>=3.0.0->open3d>=0.19.0->omnigibson==3.7.1) (3.1.6)
Requirement already satisfied: markupsafe>=2.1.1 in /home/wxy/miniconda3/envs/behavior/lib/python3.10/site-packages (from flask>=3.0.0->open3d>=0.19.0->omnigibson==3.7.1) (2.1.5)
Requirement already satisfied: comm>=0.1.3 in /home/wxy/miniconda3/envs/behavior/lib/python3.10/site-packages (from ipywidgets>=8.0.4->open3d>=0.19.0->omnigibson==3.7.1) (0.2.3)
Requirement already satisfied: widgetsnbextension~=4.0.14 in /home/wxy/miniconda3/envs/behavior/lib/python3.10/site-packages (from ipywidgets>=8.0.4->open3d>=0.19.0->omnigibson==3.7.1) (4.0.15)
Requirement already satisfied: jupyterlab_widgets~=3.0.15 in /home/wxy/miniconda3/envs/behavior/lib/python3.10/site-packages (from ipywidgets>=8.0.4->open3d>=0.19.0->omnigibson==3.7.1) (3.0.16)
Requirement already satisfied: fastjsonschema>=2.15 in /home/wxy/miniconda3/envs/behavior/lib/python3.10/site-packages (from nbformat>=5.7.0->open3d>=0.19.0->omnigibson==3.7.1) (2.21.2)
Requirement already satisfied: jsonschema>=2.6 in /home/wxy/miniconda3/envs/behavior/lib/python3.10/site-packages (from nbformat>=5.7.0->open3d>=0.19.0->omnigibson==3.7.1) (4.25.1)
Requirement already satisfied: jupyter-core!=5.0.*,>=4.12 in /home/wxy/miniconda3/envs/behavior/lib/python3.10/site-packages (from nbformat>=5.7.0->open3d>=0.19.0->omnigibson==3.7.1) (5.9.1)
Requirement already satisfied: jsonschema-specifications>=2023.03.6 in /home/wxy/miniconda3/envs/behavior/lib/python3.10/site-packages (from jsonschema>=2.6->nbformat>=5.7.0->open3d>=0.19.0->omnigibson==3.7.1) (2025.9.1)
Requirement already satisfied: referencing>=0.28.4 in /home/wxy/miniconda3/envs/behavior/lib/python3.10/site-packages (from jsonschema>=2.6->nbformat>=5.7.0->open3d>=0.19.0->omnigibson==3.7.1) (0.37.0)
Requirement already satisfied: rpds-py>=0.7.1 in /home/wxy/miniconda3/envs/behavior/lib/python3.10/site-packages (from jsonschema>=2.6->nbformat>=5.7.0->open3d>=0.19.0->omnigibson==3.7.1) (0.29.0)
Requirement already satisfied: platformdirs>=2.5 in /home/wxy/miniconda3/envs/behavior/lib/python3.10/site-packages (from jupyter-core!=5.0.*,>=4.12->nbformat>=5.7.0->open3d>=0.19.0->omnigibson==3.7.1) (4.5.0)
Requirement already satisfied: pytz>=2020.1 in /home/wxy/miniconda3/envs/behavior/lib/python3.10/site-packages (from pandas>=1.0->open3d>=0.19.0->omnigibson==3.7.1) (2025.2)
Requirement already satisfied: tzdata>=2022.7 in /home/wxy/miniconda3/envs/behavior/lib/python3.10/site-packages (from pandas>=1.0->open3d>=0.19.0->omnigibson==3.7.1) (2025.2)
Requirement already satisfied: ptyprocess>=0.5 in /home/wxy/miniconda3/envs/behavior/lib/python3.10/site-packages (from pexpect>4.3->ipython>=8.20.0->omnigibson==3.7.1) (0.7.0)
Requirement already satisfied: narwhals>=1.15.1 in /home/wxy/miniconda3/envs/behavior/lib/python3.10/site-packages (from plotly>=5.0.0->dash>=2.6.0->open3d>=0.19.0->omnigibson==3.7.1) (2.12.0)
Requirement already satisfied: six>=1.5 in /home/wxy/miniconda3/envs/behavior/lib/python3.10/site-packages (from python-dateutil>=2.7->matplotlib>=3.0.0->omnigibson==3.7.1) (1.17.0)
Requirement already satisfied: oauthlib>=3.0.0 in /home/wxy/miniconda3/envs/behavior/lib/python3.10/site-packages (from requests-oauthlib>=0.7.0->google-auth-oauthlib>=0.4.1->gspread>=6.2.1->omnigibson==3.7.1) (3.3.1)
Requirement already satisfied: charset_normalizer<4,>=2 in /home/wxy/miniconda3/envs/behavior/lib/python3.10/site-packages (from requests->dash>=2.6.0->open3d>=0.19.0->omnigibson==3.7.1) (3.4.4)
Requirement already satisfied: urllib3<3,>=1.21.1 in /home/wxy/miniconda3/envs/behavior/lib/python3.10/site-packages (from requests->dash>=2.6.0->open3d>=0.19.0->omnigibson==3.7.1) (2.5.0)
Requirement already satisfied: threadpoolctl>=3.1.0 in /home/wxy/miniconda3/envs/behavior/lib/python3.10/site-packages (from scikit-learn>=0.21->open3d>=0.19.0->omnigibson==3.7.1) (3.6.0)
Requirement already satisfied: sniffio>=1.1 in /home/wxy/miniconda3/envs/behavior/lib/python3.10/site-packages (from anyio->httpx<1,>=0.23.0->huggingface-hub>=0.34.4->huggingface-hub[cli]>=0.34.4->omnigibson==3.7.1) (1.3.1)
Requirement already satisfied: zipp>=3.20 in /home/wxy/miniconda3/envs/behavior/lib/python3.10/site-packages (from importlib-metadata->dash>=2.6.0->open3d>=0.19.0->omnigibson==3.7.1) (3.23.0)
Requirement already satisfied: markdown-it-py>=1.0 in /home/wxy/miniconda3/envs/behavior/lib/python3.10/site-packages (from jupytext->bddl~=3.7.0->omnigibson==3.7.1) (4.0.0)
Requirement already satisfied: mdit-py-plugins in /home/wxy/miniconda3/envs/behavior/lib/python3.10/site-packages (from jupytext->bddl~=3.7.0->omnigibson==3.7.1) (0.5.0)
Requirement already satisfied: tomli in /home/wxy/miniconda3/envs/behavior/lib/python3.10/site-packages (from jupytext->bddl~=3.7.0->omnigibson==3.7.1) (2.3.0)
Requirement already satisfied: mdurl~=0.1 in /home/wxy/miniconda3/envs/behavior/lib/python3.10/site-packages (from markdown-it-py>=1.0->jupytext->bddl~=3.7.0->omnigibson==3.7.1) (0.1.2)
Requirement already satisfied: iniconfig>=1.0.1 in /home/wxy/miniconda3/envs/behavior/lib/python3.10/site-packages (from pytest->bddl~=3.7.0->omnigibson==3.7.1) (2.3.0)
Requirement already satisfied: pluggy<2,>=1.5 in /home/wxy/miniconda3/envs/behavior/lib/python3.10/site-packages (from pytest->bddl~=3.7.0->omnigibson==3.7.1) (1.6.0)
Requirement already satisfied: executing>=1.2.0 in /home/wxy/miniconda3/envs/behavior/lib/python3.10/site-packages (from stack_data->ipython>=8.20.0->omnigibson==3.7.1) (2.2.1)
Requirement already satisfied: asttokens>=2.1.0 in /home/wxy/miniconda3/envs/behavior/lib/python3.10/site-packages (from stack_data->ipython>=8.20.0->omnigibson==3.7.1) (3.0.1)
Requirement already satisfied: pure-eval in /home/wxy/miniconda3/envs/behavior/lib/python3.10/site-packages (from stack_data->ipython>=8.20.0->omnigibson==3.7.1) (0.2.3)
Building wheels for collected packages: omnigibson
  Building editable for omnigibson (pyproject.toml): started
  Building editable for omnigibson (pyproject.toml): finished with status 'done'
  Created wheel for omnigibson: filename=omnigibson-3.7.1-0.editable-py3-none-any.whl size=5799 sha256=33d753748ac09b90a6b27884f15cf9277b5b2ec46326a7173dfe9e569c43a75c
  Stored in directory: /tmp/pip-ephem-wheel-cache-njtldqgn/wheels/8a/c2/da/7b9f9dd9ba9b28e7d6c379dd013a5640434ede03d1a5cad60c
Successfully built omnigibson
Installing collected packages: omnigibson
  Attempting uninstall: omnigibson
    Found existing installation: omnigibson 3.7.1
    Uninstalling omnigibson-3.7.1:
      Successfully uninstalled omnigibson-3.7.1
Successfully installed omnigibson-3.7.1
Installing Isaac Sim via pip...
Downloading omniverse_kit-106.5.0.162521...
Downloading isaacsim_kernel-4.5.0.0...
Downloading isaacsim_app-4.5.0.0...
Downloading isaacsim_core-4.5.0.0...
Downloading isaacsim_gui-4.5.0.0...
Downloading isaacsim_utils-4.5.0.0...
Downloading isaacsim_storage-4.5.0.0...
Downloading isaacsim_asset-4.5.0.0...
Downloading isaacsim_sensor-4.5.0.0...
Downloading isaacsim_robot_motion-4.5.0.0...
Downloading isaacsim_robot-4.5.0.0...
Downloading isaacsim_benchmark-4.5.0.0...
Downloading isaacsim_code_editor-4.5.0.0...
Downloading isaacsim_ros1-4.5.0.0...
Downloading isaacsim_cortex-4.5.0.0...
Downloading isaacsim_example-4.5.0.0...
Downloading isaacsim_replicator-4.5.0.0...
Downloading isaacsim_rl-4.5.0.0...
Downloading isaacsim_robot_setup-4.5.0.0...
Downloading isaacsim_ros2-4.5.0.0...
Downloading isaacsim_template-4.5.0.0...
Downloading isaacsim_test-4.5.0.0...
Downloading isaacsim-4.5.0.0...
Downloading isaacsim_extscache_physics-4.5.0.0...
Downloading isaacsim_extscache_kit-4.5.0.0...
Downloading isaacsim_extscache_kit_sdk-4.5.0.0...
Installing Isaac Sim packages...
Looking in indexes: https://mirrors.aliyun.com/pypi/simple/
Processing /tmp/tmp.L8HagaAUZo/omniverse_kit-106.5.0.162521-cp310-none-manylinux_2_31_x86_64.whl
Processing /tmp/tmp.L8HagaAUZo/isaacsim_kernel-4.5.0.0-cp310-none-manylinux_2_31_x86_64.whl
Processing /tmp/tmp.L8HagaAUZo/isaacsim_app-4.5.0.0-cp310-none-manylinux_2_31_x86_64.whl
Processing /tmp/tmp.L8HagaAUZo/isaacsim_core-4.5.0.0-cp310-none-manylinux_2_31_x86_64.whl
Processing /tmp/tmp.L8HagaAUZo/isaacsim_gui-4.5.0.0-cp310-none-manylinux_2_31_x86_64.whl
Processing /tmp/tmp.L8HagaAUZo/isaacsim_utils-4.5.0.0-cp310-none-manylinux_2_31_x86_64.whl
Processing /tmp/tmp.L8HagaAUZo/isaacsim_storage-4.5.0.0-cp310-none-manylinux_2_31_x86_64.whl
Processing /tmp/tmp.L8HagaAUZo/isaacsim_asset-4.5.0.0-cp310-none-manylinux_2_31_x86_64.whl
Processing /tmp/tmp.L8HagaAUZo/isaacsim_sensor-4.5.0.0-cp310-none-manylinux_2_31_x86_64.whl
Processing /tmp/tmp.L8HagaAUZo/isaacsim_robot_motion-4.5.0.0-cp310-none-manylinux_2_31_x86_64.whl
Processing /tmp/tmp.L8HagaAUZo/isaacsim_robot-4.5.0.0-cp310-none-manylinux_2_31_x86_64.whl
Processing /tmp/tmp.L8HagaAUZo/isaacsim_benchmark-4.5.0.0-cp310-none-manylinux_2_31_x86_64.whl
Processing /tmp/tmp.L8HagaAUZo/isaacsim_code_editor-4.5.0.0-cp310-none-manylinux_2_31_x86_64.whl
Processing /tmp/tmp.L8HagaAUZo/isaacsim_ros1-4.5.0.0-cp310-none-manylinux_2_31_x86_64.whl
Processing /tmp/tmp.L8HagaAUZo/isaacsim_cortex-4.5.0.0-cp310-none-manylinux_2_31_x86_64.whl
Processing /tmp/tmp.L8HagaAUZo/isaacsim_example-4.5.0.0-cp310-none-manylinux_2_31_x86_64.whl
Processing /tmp/tmp.L8HagaAUZo/isaacsim_replicator-4.5.0.0-cp310-none-manylinux_2_31_x86_64.whl
Processing /tmp/tmp.L8HagaAUZo/isaacsim_rl-4.5.0.0-cp310-none-manylinux_2_31_x86_64.whl
Processing /tmp/tmp.L8HagaAUZo/isaacsim_robot_setup-4.5.0.0-cp310-none-manylinux_2_31_x86_64.whl
Processing /tmp/tmp.L8HagaAUZo/isaacsim_ros2-4.5.0.0-cp310-none-manylinux_2_31_x86_64.whl
Processing /tmp/tmp.L8HagaAUZo/isaacsim_template-4.5.0.0-cp310-none-manylinux_2_31_x86_64.whl
Processing /tmp/tmp.L8HagaAUZo/isaacsim_test-4.5.0.0-cp310-none-manylinux_2_31_x86_64.whl
Processing /tmp/tmp.L8HagaAUZo/isaacsim-4.5.0.0-cp310-none-manylinux_2_31_x86_64.whl
Processing /tmp/tmp.L8HagaAUZo/isaacsim_extscache_physics-4.5.0.0-cp310-none-manylinux_2_31_x86_64.whl
Processing /tmp/tmp.L8HagaAUZo/isaacsim_extscache_kit-4.5.0.0-cp310-none-manylinux_2_31_x86_64.whl
Processing /tmp/tmp.L8HagaAUZo/isaacsim_extscache_kit_sdk-4.5.0.0-cp310-none-manylinux_2_31_x86_64.whl
Collecting pyperclip (from isaacsim-app==4.5.0.0)
  Downloading https://mirrors.aliyun.com/pypi/packages/df/80/fc9d01d5ed37ba4c42ca2b55b4339ae6e200b456be3a1aaddf4a9fa99b8c/pyperclip-1.11.0-py3-none-any.whl (11 kB)
Requirement already satisfied: numpy<2.0.0 in /home/wxy/miniconda3/envs/behavior/lib/python3.10/site-packages (from isaacsim-core==4.5.0.0) (1.26.4)
Requirement already satisfied: scipy in /home/wxy/miniconda3/envs/behavior/lib/python3.10/site-packages (from isaacsim-core==4.5.0.0) (1.15.3)
Requirement already satisfied: matplotlib in /home/wxy/miniconda3/envs/behavior/lib/python3.10/site-packages (from isaacsim-core==4.5.0.0) (3.10.7)
Requirement already satisfied: torch>=2.5.1 in /home/wxy/miniconda3/envs/behavior/lib/python3.10/site-packages (from isaacsim-core==4.5.0.0) (2.6.0+cu124)
Requirement already satisfied: opencv-python in /home/wxy/miniconda3/envs/behavior/lib/python3.10/site-packages (from isaacsim-core==4.5.0.0) (4.11.0.86)
Collecting psutil (from isaacsim-core==4.5.0.0)
  Downloading https://mirrors.aliyun.com/pypi/packages/ce/b1/5f49af514f76431ba4eea935b8ad3725cdeb397e9245ab919dbc1d1dc20f/psutil-7.1.3-cp36-abi3-manylinux2010_x86_64.manylinux_2_12_x86_64.manylinux_2_28_x86_64.whl (263 kB)
Collecting boto3 (from isaacsim-core==4.5.0.0)
  Downloading https://mirrors.aliyun.com/pypi/packages/48/41/1ed7fdc3f124c1cf2df78e605588fa78a182410b832f5b71944a69436171/boto3-1.41.2-py3-none-any.whl (139 kB)
Requirement already satisfied: pyyaml in /home/wxy/miniconda3/envs/behavior/lib/python3.10/site-packages (from isaacsim-core==4.5.0.0) (6.0.3)
Requirement already satisfied: pillow in /home/wxy/miniconda3/envs/behavior/lib/python3.10/site-packages (from isaacsim-asset==4.5.0.0) (11.0.0)
Collecting osqp<1.0.0 (from isaacsim-robot==4.5.0.0)
  Downloading https://mirrors.aliyun.com/pypi/packages/ed/83/dc03ac8a478af513132024759da13b20126a4407b07ad046d9c76e2c5e55/osqp-0.6.7.post3-cp310-cp310-manylinux_2_5_x86_64.manylinux1_x86_64.manylinux_2_17_x86_64.manylinux2014_x86_64.whl (297 kB)
Requirement already satisfied: gymnasium in /home/wxy/miniconda3/envs/behavior/lib/python3.10/site-packages (from isaacsim-rl==4.5.0.0) (1.2.2)
Collecting qdldl (from osqp<1.0.0->isaacsim-robot==4.5.0.0)
  Downloading https://mirrors.aliyun.com/pypi/packages/5f/7c/6666e0068570f39a330ee51af58ab8a974a52eb73aef593d26a68ea52b33/qdldl-0.1.7.post5-cp310-cp310-manylinux_2_17_x86_64.manylinux2014_x86_64.whl (1.2 MB)
     ━━━━━━━━━━━━━━━━━━━━━━━━━━━━━━━━━━━━━━━━ 1.2/1.2 MB 16.3 MB/s  0:00:00
Requirement already satisfied: filelock in /home/wxy/miniconda3/envs/behavior/lib/python3.10/site-packages (from torch>=2.5.1->isaacsim-core==4.5.0.0) (3.19.1)
Requirement already satisfied: typing-extensions>=4.10.0 in /home/wxy/miniconda3/envs/behavior/lib/python3.10/site-packages (from torch>=2.5.1->isaacsim-core==4.5.0.0) (4.15.0)
Requirement already satisfied: networkx in /home/wxy/miniconda3/envs/behavior/lib/python3.10/site-packages (from torch>=2.5.1->isaacsim-core==4.5.0.0) (3.3)
Requirement already satisfied: jinja2 in /home/wxy/miniconda3/envs/behavior/lib/python3.10/site-packages (from torch>=2.5.1->isaacsim-core==4.5.0.0) (3.1.6)
Requirement already satisfied: fsspec in /home/wxy/miniconda3/envs/behavior/lib/python3.10/site-packages (from torch>=2.5.1->isaacsim-core==4.5.0.0) (2025.9.0)
Requirement already satisfied: nvidia-cuda-nvrtc-cu12==12.4.127 in /home/wxy/miniconda3/envs/behavior/lib/python3.10/site-packages (from torch>=2.5.1->isaacsim-core==4.5.0.0) (12.4.127)
Requirement already satisfied: nvidia-cuda-runtime-cu12==12.4.127 in /home/wxy/miniconda3/envs/behavior/lib/python3.10/site-packages (from torch>=2.5.1->isaacsim-core==4.5.0.0) (12.4.127)
Requirement already satisfied: nvidia-cuda-cupti-cu12==12.4.127 in /home/wxy/miniconda3/envs/behavior/lib/python3.10/site-packages (from torch>=2.5.1->isaacsim-core==4.5.0.0) (12.4.127)
Requirement already satisfied: nvidia-cudnn-cu12==9.1.0.70 in /home/wxy/miniconda3/envs/behavior/lib/python3.10/site-packages (from torch>=2.5.1->isaacsim-core==4.5.0.0) (9.1.0.70)
Requirement already satisfied: nvidia-cublas-cu12==12.4.5.8 in /home/wxy/miniconda3/envs/behavior/lib/python3.10/site-packages (from torch>=2.5.1->isaacsim-core==4.5.0.0) (12.4.5.8)
Requirement already satisfied: nvidia-cufft-cu12==11.2.1.3 in /home/wxy/miniconda3/envs/behavior/lib/python3.10/site-packages (from torch>=2.5.1->isaacsim-core==4.5.0.0) (11.2.1.3)
Requirement already satisfied: nvidia-curand-cu12==10.3.5.147 in /home/wxy/miniconda3/envs/behavior/lib/python3.10/site-packages (from torch>=2.5.1->isaacsim-core==4.5.0.0) (10.3.5.147)
Requirement already satisfied: nvidia-cusolver-cu12==11.6.1.9 in /home/wxy/miniconda3/envs/behavior/lib/python3.10/site-packages (from torch>=2.5.1->isaacsim-core==4.5.0.0) (11.6.1.9)
Requirement already satisfied: nvidia-cusparse-cu12==12.3.1.170 in /home/wxy/miniconda3/envs/behavior/lib/python3.10/site-packages (from torch>=2.5.1->isaacsim-core==4.5.0.0) (12.3.1.170)
Requirement already satisfied: nvidia-cusparselt-cu12==0.6.2 in /home/wxy/miniconda3/envs/behavior/lib/python3.10/site-packages (from torch>=2.5.1->isaacsim-core==4.5.0.0) (0.6.2)
Requirement already satisfied: nvidia-nccl-cu12==2.21.5 in /home/wxy/miniconda3/envs/behavior/lib/python3.10/site-packages (from torch>=2.5.1->isaacsim-core==4.5.0.0) (2.21.5)
Requirement already satisfied: nvidia-nvtx-cu12==12.4.127 in /home/wxy/miniconda3/envs/behavior/lib/python3.10/site-packages (from torch>=2.5.1->isaacsim-core==4.5.0.0) (12.4.127)
Requirement already satisfied: nvidia-nvjitlink-cu12==12.4.127 in /home/wxy/miniconda3/envs/behavior/lib/python3.10/site-packages (from torch>=2.5.1->isaacsim-core==4.5.0.0) (12.4.127)
Requirement already satisfied: triton==3.2.0 in /home/wxy/miniconda3/envs/behavior/lib/python3.10/site-packages (from torch>=2.5.1->isaacsim-core==4.5.0.0) (3.2.0)
Requirement already satisfied: sympy==1.13.1 in /home/wxy/miniconda3/envs/behavior/lib/python3.10/site-packages (from torch>=2.5.1->isaacsim-core==4.5.0.0) (1.13.1)
Requirement already satisfied: mpmath<1.4,>=1.1.0 in /home/wxy/miniconda3/envs/behavior/lib/python3.10/site-packages (from sympy==1.13.1->torch>=2.5.1->isaacsim-core==4.5.0.0) (1.3.0)
Collecting botocore<1.42.0,>=1.41.2 (from boto3->isaacsim-core==4.5.0.0)
  Downloading https://mirrors.aliyun.com/pypi/packages/77/4d/516ee2157c0686fbe48ca8b94dffc17a0c35040d4626761d74b1a43215c8/botocore-1.41.2-py3-none-any.whl (14.3 MB)
     ━━━━━━━━━━━━━━━━━━━━━━━━━━━━━━━━━━━━━━━━ 14.3/14.3 MB 29.0 MB/s  0:00:00
Collecting jmespath<2.0.0,>=0.7.1 (from boto3->isaacsim-core==4.5.0.0)
  Downloading https://mirrors.aliyun.com/pypi/packages/31/b4/b9b800c45527aadd64d5b442f9b932b00648617eb5d63d2c7a6587b7cafc/jmespath-1.0.1-py3-none-any.whl (20 kB)
Collecting s3transfer<0.16.0,>=0.15.0 (from boto3->isaacsim-core==4.5.0.0)
  Downloading https://mirrors.aliyun.com/pypi/packages/5f/e1/5ef25f52973aa12a19cf4e1375d00932d7fb354ffd310487ba7d44225c1a/s3transfer-0.15.0-py3-none-any.whl (85 kB)
Requirement already satisfied: python-dateutil<3.0.0,>=2.1 in /home/wxy/miniconda3/envs/behavior/lib/python3.10/site-packages (from botocore<1.42.0,>=1.41.2->boto3->isaacsim-core==4.5.0.0) (2.9.0.post0)
Requirement already satisfied: urllib3!=2.2.0,<3,>=1.25.4 in /home/wxy/miniconda3/envs/behavior/lib/python3.10/site-packages (from botocore<1.42.0,>=1.41.2->boto3->isaacsim-core==4.5.0.0) (2.5.0)
Requirement already satisfied: six>=1.5 in /home/wxy/miniconda3/envs/behavior/lib/python3.10/site-packages (from python-dateutil<3.0.0,>=2.1->botocore<1.42.0,>=1.41.2->boto3->isaacsim-core==4.5.0.0) (1.17.0)
Requirement already satisfied: cloudpickle>=1.2.0 in /home/wxy/miniconda3/envs/behavior/lib/python3.10/site-packages (from gymnasium->isaacsim-rl==4.5.0.0) (3.1.2)
Requirement already satisfied: farama-notifications>=0.0.1 in /home/wxy/miniconda3/envs/behavior/lib/python3.10/site-packages (from gymnasium->isaacsim-rl==4.5.0.0) (0.0.4)
Requirement already satisfied: MarkupSafe>=2.0 in /home/wxy/miniconda3/envs/behavior/lib/python3.10/site-packages (from jinja2->torch>=2.5.1->isaacsim-core==4.5.0.0) (2.1.5)
Requirement already satisfied: contourpy>=1.0.1 in /home/wxy/miniconda3/envs/behavior/lib/python3.10/site-packages (from matplotlib->isaacsim-core==4.5.0.0) (1.3.2)
Requirement already satisfied: cycler>=0.10 in /home/wxy/miniconda3/envs/behavior/lib/python3.10/site-packages (from matplotlib->isaacsim-core==4.5.0.0) (0.12.1)
Requirement already satisfied: fonttools>=4.22.0 in /home/wxy/miniconda3/envs/behavior/lib/python3.10/site-packages (from matplotlib->isaacsim-core==4.5.0.0) (4.60.1)
Requirement already satisfied: kiwisolver>=1.3.1 in /home/wxy/miniconda3/envs/behavior/lib/python3.10/site-packages (from matplotlib->isaacsim-core==4.5.0.0) (1.4.9)
Requirement already satisfied: packaging>=20.0 in /home/wxy/miniconda3/envs/behavior/lib/python3.10/site-packages (from matplotlib->isaacsim-core==4.5.0.0) (25.0)
Requirement already satisfied: pyparsing>=3 in /home/wxy/miniconda3/envs/behavior/lib/python3.10/site-packages (from matplotlib->isaacsim-core==4.5.0.0) (3.2.5)
Installing collected packages: pyperclip, psutil, omniverse-kit, jmespath, isaacsim-extscache-physics, isaacsim-extscache-kit-sdk, isaacsim-extscache-kit, qdldl, isaacsim-kernel, botocore, s3transfer, osqp, isaacsim-storage, isaacsim-code-editor, isaacsim-app, isaacsim, boto3, isaacsim-core, isaacsim-replicator, isaacsim-gui, isaacsim-utils, isaacsim-template, isaacsim-robot-motion, isaacsim-sensor, isaacsim-robot-setup, isaacsim-asset, isaacsim-ros2, isaacsim-ros1, isaacsim-robot, isaacsim-test, isaacsim-cortex, isaacsim-benchmark, isaacsim-rl, isaacsim-example

Successfully installed boto3-1.41.2 botocore-1.41.2 isaacsim-4.5.0.0 isaacsim-app-4.5.0.0 isaacsim-asset-4.5.0.0 isaacsim-benchmark-4.5.0.0 isaacsim-code-editor-4.5.0.0 isaacsim-core-4.5.0.0 isaacsim-cortex-4.5.0.0 isaacsim-example-4.5.0.0 isaacsim-extscache-kit-4.5.0.0 isaacsim-extscache-kit-sdk-4.5.0.0 isaacsim-extscache-physics-4.5.0.0 isaacsim-gui-4.5.0.0 isaacsim-kernel-4.5.0.0 isaacsim-replicator-4.5.0.0 isaacsim-rl-4.5.0.0 isaacsim-robot-4.5.0.0 isaacsim-robot-motion-4.5.0.0 isaacsim-robot-setup-4.5.0.0 isaacsim-ros1-4.5.0.0 isaacsim-ros2-4.5.0.0 isaacsim-sensor-4.5.0.0 isaacsim-storage-4.5.0.0 isaacsim-template-4.5.0.0 isaacsim-test-4.5.0.0 isaacsim-utils-4.5.0.0 jmespath-1.0.1 omniverse-kit-106.5.0.162521 osqp-0.6.7.post3 psutil-7.1.3 pyperclip-1.11.0 qdldl-0.1.7.post5 s3transfer-0.15.0
OmniGibson installation completed successfully!
Installing JoyLo...
Looking in indexes: https://mirrors.aliyun.com/pypi/simple/
Obtaining file:///home/wxy/BEHAVIOR-1K/joylo
  Installing build dependencies: started
  Installing build dependencies: finished with status 'done'
  Checking if build backend supports build_editable: started
  Checking if build backend supports build_editable: finished with status 'done'
  Getting requirements to build editable: started
  Getting requirements to build editable: finished with status 'done'
  Preparing editable metadata (pyproject.toml): started
  Preparing editable metadata (pyproject.toml): finished with status 'done'
Collecting dm_control (from joylo==3.7.0)
  Downloading https://mirrors.aliyun.com/pypi/packages/3c/21/bb76f83c0489a2fa2f4bac911e5ccaf66aac029e10b173aab70e3bf7379f/dm_control-1.0.34-py3-none-any.whl (56.4 MB)
     ━━━━━━━━━━━━━━━━━━━━━━━━━━━━━━━━━━━━━━━━ 56.4/56.4 MB 15.2 MB/s  0:00:03
Collecting dynamixel-sdk (from joylo==3.7.0)
  Downloading https://mirrors.aliyun.com/pypi/packages/52/80/a70f6b08b5e5a26f37638c49be96f5ec16a3b03b86932428f310aa1ae770/dynamixel_sdk-3.8.4-py3-none-any.whl (24 kB)
Collecting hid (from joylo==3.7.0)
  Downloading https://mirrors.aliyun.com/pypi/packages/ee/52/24bfaee85a5e25f2d1a389944a3576d408ab3ca935176e892cbef47b92b6/hid-1.0.8-py3-none-any.whl (4.9 kB)
Collecting inputs (from joylo==3.7.0)
  Downloading https://mirrors.aliyun.com/pypi/packages/d0/94/040a0d9c81f018c39bd887b7b825013b024deb0a6c795f9524797e2cd41b/inputs-0.5-py2.py3-none-any.whl (33 kB)
Collecting joycon-python (from joylo==3.7.0)
  Downloading https://mirrors.aliyun.com/pypi/packages/c2/36/38ff84089ad583b7b0f82f33fba61bfeccf037a624d41b7cfe185f966823/joycon_python-0.2.4-py3-none-any.whl (10 kB)
Requirement already satisfied: numpy in /home/wxy/miniconda3/envs/behavior/lib/python3.10/site-packages (from joylo==3.7.0) (1.26.4)
Collecting numpy-quaternion (from joylo==3.7.0)
  Downloading https://mirrors.aliyun.com/pypi/packages/02/98/dc9632766ead0a5bcedf392649276fcb5cbf507ca6449cc94ee943fea612/numpy_quaternion-2024.0.12-cp310-cp310-manylinux1_x86_64.manylinux_2_28_x86_64.manylinux_2_5_x86_64.whl (187 kB)
Requirement already satisfied: Pillow in /home/wxy/miniconda3/envs/behavior/lib/python3.10/site-packages (from joylo==3.7.0) (11.0.0)
Collecting pybullet (from joylo==3.7.0)
  Downloading https://mirrors.aliyun.com/pypi/packages/2b/e0/45278c039635529fec27814e6ad9c5a87030161f5ce714e017dd70f562f9/pybullet-3.2.7-cp310-cp310-manylinux_2_17_x86_64.manylinux2014_x86_64.whl (103.2 MB)
     ━━━━━━━━━━━━━━━━━━━━━━━━━━━━━━━━━━━━━━━━ 103.2/103.2 MB 12.1 MB/s  0:00:08
Collecting pygame (from joylo==3.7.0)
  Downloading https://mirrors.aliyun.com/pypi/packages/11/b3/de6ed93ae483cf3bac8f950a955e83f7ffe59651fd804d100fff65d66d6c/pygame-2.6.1-cp310-cp310-manylinux_2_17_x86_64.manylinux2014_x86_64.whl (14.0 MB)
     ━━━━━━━━━━━━━━━━━━━━━━━━━━━━━━━━━━━━━━━━ 14.0/14.0 MB 13.6 MB/s  0:00:01
Collecting pyglm (from joylo==3.7.0)
  Downloading https://mirrors.aliyun.com/pypi/packages/7c/27/e957bbace3f303c6dcc21390fde3b9cccc2b264040877550cb56c313c0d8/pyglm-2.8.2-cp310-cp310-manylinux_2_27_x86_64.manylinux_2_28_x86_64.whl (11.7 MB)
     ━━━━━━━━━━━━━━━━━━━━━━━━━━━━━━━━━━━━━━━━ 11.7/11.7 MB 13.5 MB/s  0:00:00
Collecting PyQt6 (from joylo==3.7.0)
  Downloading https://mirrors.aliyun.com/pypi/packages/f2/57/48985490c01584e00b70040ec0eb02dfe950471097201acb1b65deb633e5/pyqt6-6.10.0.tar.gz (1.1 MB)
     ━━━━━━━━━━━━━━━━━━━━━━━━━━━━━━━━━━━━━━━━ 1.1/1.1 MB 1.2 MB/s  0:00:01
  Installing build dependencies: started
  Installing build dependencies: finished with status 'done'
  Getting requirements to build wheel: started
  Getting requirements to build wheel: finished with status 'done'
  Preparing metadata (pyproject.toml): started
  Preparing metadata (pyproject.toml): finished with status 'error'
